					 Date Shipped 14/06/04
	Regents Park - Reboot PC Logistics Pty Ltd
 TO	None None
	None
	None
	None
	None None
	None
	None None
	Phone None


Tool		Description

00000102	MONITOR  COMPAQ PE1120T 940CD61VD928 AS NEW CONDITION TESTED - OK COMPLETE 
00000101	PRINTER  HP C4170A SGBB024331 AS NEW CONDITION TESTED - OK INCOMPLETE 
00000108	MONITOR  DEC 828FL 22878A044E29 AS NEW CONDITION TESTED - OK COMPLETE 
00000107	MONITOR  DEC D1626HT 55349B00G359 AS NEW CONDITION TESTED - OK COMPLETE 
00000109	MONITOR  DEC P1110 227IRB00VBA9 AS NEW CONDITION TESTED - FAULTY COMPLETE 
00000111	MONITOR  DEC D1626HT 55349B012T98 AS NEW CONDITION TESTED - OK INCOMPLETE 
00000110	MONITOR  DEC P1110 7771RB01DPA9 AS NEW CONDITION TESTED - OK COMPLETE 
00000139	MONITOR  DITIGAL PCXBV-FY 1K73709507 AS NEW CONDITION TESTED - OK INCOMPLETE 
00000177	MONITOR  IPEX 770 850CH AS NEW CONDITION TESTED - FAULTY INCOMPLETE 
00000179	MONITOR  COMPAQ 1120 904CD61VQ269 AS NEW CONDITION TESTED - OK INCOMPLETE 
00000182	MONITOR  COMPAQ 1124T 009CG26LB274 AS NEW CONDITION TESTED - OK INCOMPLETE 
00000198	MONITOR  DITIGAL PCBV-JY 1K82000230 AS NEW CONDITION TESTED - OK COMPLETE 
00000197	MONITOR  HP 2837 KR85119833 AS NEW CONDITION TESTED - OK INCOMPLETE 
00000199	MONITOR  HP D2837 KR82112431 AS NEW CONDITION TESTED - OK COMPLETE 
00000202	MONITOR  COMPAQ 612 814BF26CJ241 AS NEW CONDITION TESTED - OK COMPLETE 
00000217	MONITOR  COMPAQ 623T 817CF03EC116 AS NEW CONDITION TESTED - OK COMPLETE 
00000206	MONITOR  IPEX P770 925CHOA2C00705 AS NEW CONDITION TESTED - OK INCOMPLETE 
00000159	MONITOR  IPEX 799 950EDGA200558 AS NEW CONDITION TESTED - OK INCOMPLETE 
00000156	MONITOR  COMPAQ 1120T 924CD61VF451 AS NEW CONDITION TESTED - OK INCOMPLETE 
00000201	MONITOR  IPEX H767 816B3002D00388 NOT NEW CONDITION TESTED - OK INCOMPLETE 
00000203	MONITOR  COMPAQ S700 924CD61VC440 AS NEW CONDITION TESTED - OK COMPLETE 
00000210	MONITOR  IPEX P770 848CH002C02192 AS NEW CONDITION TESTED - OK INCOMPLETE 
00000211	MONITOR  HP 2837 KR82112429 AS NEW CONDITION TESTED - OK INCOMPLETE 
00000213	MONITOR  IPEX P770 929CH0A2C00460 AS NEW CONDITION TESTED - OK COMPLETE 
00000212	MONITOR  IPEX V799 951FDGA200362 AS NEW CONDITION TESTED - OK COMPLETE 
00000209	MONITOR  IPEX V799 950FDGA200558 AS NEW CONDITION TESTED - OK COMPLETE 
00000410	MONITOR  COMPAQ 5700 904CD61VQ212 AS NEW CONDITION TESTED - OK COMPLETE 
00000411	MONITOR  COMPAQ 5700 904CD61VT117 AS NEW CONDITION TESTED - OK COMPLETE 
00000408	MONITOR  COMPAQ 5700 925CD61VB481 AS NEW CONDITION TESTED - OK COMPLETE 
00000405	MONITOR  COMPAQ 5700 932CD61VE458 AS NEW CONDITION TESTED - OK COMPLETE 
00000412	MONITOR  IPEX H767 811B3002D00739 AS NEW CONDITION TESTED - OK COMPLETE 
00000401	MONITOR DOCKING STATION IPEX V799 DG35789 AS NEW CONDITION TESTED - OK COMPLETE 
00000416	MONITOR  DEC M570 MY-053042-47603006V-A7V3 AS NEW CONDITION TESTED - OK COMPLETE
00000413	MONITOR  IPEX P770 932CH0A2C00797 AS NEW CONDITION TESTED - OK COMPLETE 
00000440	MONITOR  GATEWAY DX15FG J0016478 NOT NEW CONDITION TESTED - FAULTY COMPLETE 
00000442	None
00000443	None
00000444	None
00000439	None







					 Date Shipped 14/06/04
	Regents Park - Reboot PC Logistics Pty Ltd
 TO	None None
	None
	None
	None
	None None
	None
	None None
	Phone None


Tool		Description

00000445	None
00000351	DESKTOP PC  COMPAQ Generic H951CKP90126 AS NEW CONDITION TESTED - OK INCOMPLETE 
00000360	DESKTOP PC  COMPAQ Generic H951CKP90181 AS NEW CONDITION TESTED - OK INCOMPLETE 
00000359	DESKTOP PC  COMPAQ Generic H951CKP90209 AS NEW CONDITION TESTED - OK INCOMPLETE 
00000363	DESKTOP PC  COMPAQ Generic H952CKP90024 AS NEW CONDITION TESTED - OK INCOMPLETE 
00000362	DESKTOP PC  COMPAQ Generic H9SICKP90207 AS NEW CONDITION TESTED - OK INCOMPLETE 
00000367	DESKTOP PC  COMPAQ Generic H950CKP90200 AS NEW CONDITION TESTED - OK INCOMPLETE 
00000366	DESKTOP PC  COMPAQ Generic H951CKP90088 AS NEW CONDITION TESTED - OK INCOMPLETE 
00000364	DESKTOP PC  COMPAQ Generic H951CKP90184 AS NEW CONDITION TESTED - OK INCOMPLETE 
00000365	DESKTOP PC  COMPAQ Generic H951CKP90211 AS NEW CONDITION TESTED - OK INCOMPLETE 
00000373	DESKTOP PC  DEC Generic 24LB11S AS NEW CONDITION TESTED - OK INCOMPLETE 
00000375	DESKTOP PC  DEC Generic 32Q6115 AS NEW CONDITION TESTED - OK INCOMPLETE 
00000376	DESKTOP PC  DEC Generic 8W46115 AS NEW CONDITION TESTED - OK INCOMPLETE 
00000374	DESKTOP PC  DEC Generic BTXB11S AS NEW CONDITION TESTED - OK INCOMPLETE 
00000382	DESKTOP PC  COMPAQ DESKPRO H911CMM40243 AS NEW CONDITION TESTED - OK INCOMPLETE 
00000383	DESKTOP PC  COMPAQ DESKPRO H938CY620003 AS NEW CONDITION TESTED - OK INCOMPLETE 
00000385	DESKTOP PC  IPEX 500 1718240 AS NEW CONDITION TESTED - OK INCOMPLETE 
00000386	DESKTOP PC  IPEX 500 1718241 AS NEW CONDITION TESTED - OK INCOMPLETE 
00000387	DESKTOP PC  IPEX 500 1718244 AS NEW CONDITION TESTED - OK INCOMPLETE 
00000391	DESKTOP PC  COMPAQ DESKPRO H911CMM40202 AS NEW CONDITION TESTED - OK INCOMPLETE 
00000389	DESKTOP PC  COMPAQ DESKPRO H912CMM40006 NOT NEW CONDITION TESTED - OK INCOMPLETE
00000392	DESKTOP PC  COMPAQ DESKPRO H912CMM40014 AS NEW CONDITION TESTED - OK INCOMPLETE 
00000393	DESKTOP PC  COMPAQ DESKPRO H912CMM40210 AS NEW CONDITION TESTED - OK INCOMPLETE 
00000388	DESKTOP PC  COMPAQ DESKPRO H938CY620023 AS NEW CONDITION TESTED - OK INCOMPLETE 
00000395	DESKTOP PC  COMPAQ N119 H938CY620001 AS NEW CONDITION TESTED - OK INCOMPLETE 
00000394	DESKTOP PC  COMPAQ N119 H938CY620011 AS NEW CONDITION TESTED - OK INCOMPLETE 
00000390	DESKTOP PC  HP VL 7/266 S983070267 AS NEW CONDITION TESTED - OK INCOMPLETE 
00000338	MONITOR  COMPAQ PE1120T 926CD61VA576 AS NEW CONDITION TESTED - OK COMPLETE 
00000337	MONITOR  COMPAQ S700 932CD61VB854 AS NEW CONDITION TESTED - OK COMPLETE 
00000344	MONITOR  COMPAQ PE1120T 909CD61VG342 AS NEW CONDITION TESTED - OK INCOMPLETE 
00000343	MONITOR  COMPAQ S510 008BB26PC967 AS NEW CONDITION TESTED - OK COMPLETE 
00000341	MONITOR  COMPAQ S510 028BB26DF114 AS NEW CONDITION TESTED - OK INCOMPLETE 
00000342	MONITOR  COMPAQ S510 028BB26PF153 AS NEW CONDITION TESTED - OK COMPLETE 
00000348	MONITOR  COMPAQ S700 851ED39VJ092 AS NEW CONDITION TESTED - OK INCOMPLETE 
00000347	MONITOR  COMPAQ S700 921CD61VA663 AS NEW CONDITION TESTED - OK INCOMPLETE 
00000349	MONITOR  COMPAQ S700 926CD1VA579 AS NEW CONDITION TESTED - OK INCOMPLETE 
00000345	MONITOR  COMPAQ S700 932CD61VD000 AS NEW CONDITION TESTED - OK INCOMPLETE 
00000346	MONITOR  COMPAQ S700 932CD61VD012 AS NEW CONDITION TESTED - OK COMPLETE 
00000352	MONITOR  SONY GPD E200 5108411 AS NEW CONDITION TESTED - OK INCOMPLETE 







					 Date Shipped 14/06/04
	Regents Park - Reboot PC Logistics Pty Ltd
 TO	None None
	None
	None
	None
	None None
	None
	None None
	Phone None


Tool		Description

00000336	MONITOR  COMPAQ PE1120T 926CD61VA582 AS NEW CONDITION TESTED - OK INCOMPLETE 
00000353	MONITOR  COMPAQ S510 028BB26PF703 AS NEW CONDITION TESTED - OK COMPLETE 
00000340	MONITOR  COMPAQ S700 926CD61VA573 AS NEW CONDITION TESTED - OK COMPLETE 
00000354	MONITOR  COMPAQ S700 926CD61VA574 AS NEW CONDITION TESTED - OK COMPLETE 
00000339	MONITOR  COMPAQ S700 932CD61VD005 AS NEW CONDITION TESTED - OK INCOMPLETE 
00000403	MONITOR  COMPAQ S700 904CD61V AS NEW CONDITION TESTED - OK COMPLETE 
00000399	MONITOR  COMPAQ S700 904CD61VQ209 AS NEW CONDITION TESTED - OK COMPLETE 
00000355	MONITOR  COMPAQ S700 932CD61VD007 AS NEW CONDITION TESTED - OK COMPLETE 
00000402	MONITOR  COMPAQ S700 932CD61VE445 AS NEW CONDITION TESTED - OK COMPLETE 
00000406	MONITOR  COMPAQ S700 932CD61VE468 AS NEW CONDITION TESTED - OK COMPLETE 
00000398	MONITOR  COMPAQ S700 932CD61VE472 AS NEW CONDITION TESTED - OK COMPLETE 
00000397	MONITOR  IPEX V799 947FDGA2000894 AS NEW CONDITION TESTED - OK COMPLETE 
00000404	MONITOR  IPEX V799 947FDGA2000917 AS NEW CONDITION TESTED - OK COMPLETE 
00000407	MONITOR  COMPAQ S700 904CD61V108 AS NEW CONDITION TESTED - OK COMPLETE 
00000409	MONITOR  COMPAQ S700 932CD61VE470 AS NEW CONDITION TESTED - OK COMPLETE 
00000441	None
00000378	MONITOR  DEC D1025TM 55344B015T69 AS NEW CONDITION TESTED - OK COMPLETE 
00000377	MONITOR  DEC P780 8371RB01WXB9 AS NEW CONDITION TESTED - OK COMPLETE 
00000379	MONITOR  DEC P780 8371RB02G4C9 AS NEW CONDITION TESTED - OK COMPLETE 
00000380	MONITOR  DEC P780 837IRB0359C9 AS NEW CONDITION TESTED - OK COMPLETE 
00000563	DESKTOP PC  DEC OPTI PLEX G1 TMYH6 AS NEW CONDITION TESTED - OK INCOMPLETE 
00000560	None
00000570	None
00000571	None
00000562	None
00000568	None
00000590	None
00000572	None
00000583	None
00000574	None
00000584	None
00000575	None
00000585	None
00000666	None
00000578	None
00000671	None
00000673	None
00000675	None
00000667	None







					 Date Shipped 14/06/04
	Regents Park - Reboot PC Logistics Pty Ltd
 TO	None None
	None
	None
	None
	None None
	None
	None None
	Phone None


Tool		Description

00000668	None
00000690	None
00000682	None
00000676	None
00000689	None
00000631	MONITOR  DEC D1025TM 55344B00DL59 AS NEW CONDITION TESTED - OK COMPLETE 
00000630	None
00000622	None
00000623	None
00000624	None
00000625	None
00000626	None
00000627	None
00000628	None
00000629	None
00000636	MONITOR  DEC 828F1 22878A0PSA89 AS NEW CONDITION TESTED - OK COMPLETE 
00000632	None
00000633	None
00000634	None
00000635	None
00000637	None
00000750	MONITOR  DEC D1025TM 2507886 AS NEW CONDITION TESTED - OK COMPLETE 
00000753	None
00000749	None
00001006	None
00000997	None
00000998	None
00000864	None
00000865	None
00000866	None
00000870	None
00000871	None
00000872	None
00000873	None
00000874	None
00000868	None
00000869	None
00000894	None
00000875	None







					 Date Shipped 14/06/04
	Regents Park - Reboot PC Logistics Pty Ltd
 TO	None None
	None
	None
	None
	None None
	None
	None None
	Phone None


Tool		Description

00000877	MONITOR  LG MB576BM 912DI00130 AS NEW CONDITION TESTED - OK INCOMPLETE 
00000879	MONITOR  LG MB576BM 912DI00145 AS NEW CONDITION TESTED - OK INCOMPLETE 
00000883	MONITOR  LG MB576BM 912DI00214 AS NEW CONDITION TESTED - OK INCOMPLETE 
00000902	MONITOR   MB576BM 912DI00133 AS NEW CONDITION TESTED - OK INCOMPLETE 
00000905	MONITOR  LG 55I 806DI01686 AS NEW CONDITION TESTED - OK INCOMPLETE 
00000887	MONITOR  LG MB576BM 912DI00027 AS NEW CONDITION TESTED - OK INCOMPLETE 
00000884	MONITOR  LG MB576BM 912DI00058 AS NEW CONDITION TESTED - OK INCOMPLETE 
00000904	MONITOR  LG MB576BM 912DI00061 AS NEW CONDITION TESTED - OK INCOMPLETE 
00000888	MONITOR  LG MB576BM 912DI00063 AS NEW CONDITION TESTED - OK INCOMPLETE 
00000886	MONITOR  LG MB576BM 912DI00077 AS NEW CONDITION TESTED - OK INCOMPLETE 
00000900	None
00000901	None
00000880	None
00000890	None
00000891	None
00000882	None
00000892	None
00000863	None
00000893	None
00000885	None
00000895	None
00000876	None
00000889	None
00000899	MONITOR  LG MB576BM 912DI00004 AS NEW CONDITION TESTED - OK COMPLETE 
00000896	None
00000897	None
00000898	None
00000751	None
00000754	None
00000761	None
00000752	None
00000762	None
00000763	None
00001337	MONITOR  VIEWSONIC VCDT521269 3A AM10700926 AS NEW CONDITION TESTED - OK COMPLET
00001334	None
00001346	None
00001356	None
00001338	None
00001348	None







					 Date Shipped 14/06/04
	Regents Park - Reboot PC Logistics Pty Ltd
 TO	None None
	None
	None
	None
	None None
	None
	None None
	Phone None


Tool		Description

00001381	None
00001384	None
00001375	None
00001385	None
00001366	None
00001376	None
00001386	None
00001377	None
00001387	None
00001322	None
00001326	None
00001327	None
00001329	None
00001332	MONITOR  HP D8901A CN94644389 AS NEW CONDITION TESTED - OK COMPLETE 
00001330	None
00001340	None
00001331	None
00001342	None
00001343	None
00001335	None
00001345	None
00001336	None
00001347	None
00001339	None
00000153	MONITOR  IPEX P770 921CH0A2C00432 AS NEW CONDITION TESTED - OK INCOMPLETE 
00001029	PRINTER  HP LASERJET 8000 DN / C4087A SGVG014517 AS NEW CONDITION TESTED - OK IN
00001060	None
00001061	None
00001059	None
00001374	None
00001072	None
00001082	None
00001064	None
00001085	None
00001087	None
00001100	None
00001121	None
00001119	None
00001276	None







					 Date Shipped 14/06/04
	Regents Park - Reboot PC Logistics Pty Ltd
 TO	None None
	None
	None
	None
	None None
	None
	None None
	Phone None


Tool		Description

00001267	None
00001268	None
00001319	None
00000954	None
00000953	None
00000965	None
00000959	None
00000993	None
00000914	None
00000994	None
00000867	None
00000915	None
00000916	None
00001518	None
00000912	None
00000907	None
00001760	None
00001761	None
00001762	None
00001763	None
00001764	None
00001765	None
00001768	None
00001771	None
00001772	None
00001774	None
00001785	None
00001769	None
00001780	None
00001776	None
00001786	None
00001777	None
00001787	None
00001779	None
00001775	None
00001766	None
00001778	None
00001794	None
00001795	None







					 Date Shipped 14/06/04
	Regents Park - Reboot PC Logistics Pty Ltd
 TO	None None
	None
	None
	None
	None None
	None
	None None
	Phone None


Tool		Description

00001796	None
00001797	None
00001859	None
00001860	None
00001861	None
00001862	None
00001864	None
00001844	None
00001846	None
00001850	None
00001852	None
00001874	None
00001873	None
00001801	None
00001802	None
00001804	None
00001806	None
00001808	None
00001809	None
00001817	None
00001818	None
00001810	None
00001811	None
00001812	None
00001820	None
00001813	None
00001814	None
00001815	None
00001816	None
00001819	None
00001821	None
00001823	None
00001840	None
00001841	None
00001832	None
00001833	None
00001834	None
00001835	None
00001836	None







					 Date Shipped 14/06/04
	Regents Park - Reboot PC Logistics Pty Ltd
 TO	None None
	None
	None
	None
	None None
	None
	None None
	Phone None


Tool		Description

00001839	None
00001842	None
00001838	None
00001843	None
00001825	None
00001940	None
00001911	None
00001942	None
00001925	None
00001913	None
00001943	None
00001945	None
00002185	None
00002022	None
00002023	None
00002032	None
00002029	None
00001910	None
00001912	None
00001914	None
00001915	None
00001918	None
00001921	None
00001924	None
00001964	None
00001966	None
00002082	None
00002078	None
00002079	None
00001972	None
00002110	None
00002080	None
00002101	None
00002111	None
00002074	None
00002070	None
00002071	None
00002085	None
00001883	None







					 Date Shipped 14/06/04
	Regents Park - Reboot PC Logistics Pty Ltd
 TO	None None
	None
	None
	None
	None None
	None
	None None
	Phone None


Tool		Description

00001894	None
00001897	None
00001898	None
00001880	None
00001890	None
00001892	None
00001893	None
00001884	None
00001885	None
00001886	None
00001896	None
00001887	None
00001889	None
00001858	None
00001845	None
00001965	None
00001901	None
00001902	None
00001906	None
00001904	None
00001905	None
00002139	None
00001946	None
00001971	None
00001952	None
00001954	None
00001948	None
00001949	None
00002033	None
00002027	None
00002009	None
00001980	None
00001983	None
00002050	None
00001950	None
00002046	None
00002047	None
00001988	None
00002049	None







					 Date Shipped 14/06/04
	Regents Park - Reboot PC Logistics Pty Ltd
 TO	None None
	None
	None
	None
	None None
	None
	None None
	Phone None


Tool		Description

00002051	None
00002052	None
00002053	None
00002064	None
00002045	None
00002066	None
00002038	None
00002054	None
00002065	None
00002056	None
00002067	None
00002068	None
00002007	None
00001985	None
00001986	None
00002039	None
00002042	None
00002062	DESKTOP PC  NEC VALUE MATE 6214246255B3 AS NEW CONDITION TESTED - OK INCOMPLETE 
00002106	None
00002124	None
00002125	None
00002133	None
00002135	None
00002136	None
00002189	None
00001316	None
00000958	None
00001573	None
00001575	None
00002131	None
00002134	None
00002184	None
00002147	None
00001044	None
00001045	None
00002492	None
00002524	None
00002517	None
00002528	None







					 Date Shipped 14/06/04
	Regents Park - Reboot PC Logistics Pty Ltd
 TO	None None
	None
	None
	None
	None None
	None
	None None
	Phone None


Tool		Description

00002558	None
00002560	None
00002562	None
00002563	None
00002564	None
00002565	None
00002566	None
00002559	None
00002600	None
00002571	None
00002602	None
00002572	None
00002573	None
00002567	None
00002620	None
00002613	None
00002633	None
00002604	None
00002609	None
00002629	None
00002493	None
00002505	None
00002507	None
00002522	None
00002523	None
00002514	None
00002526	None
00002527	None
00002519	None
00002550	None
00002580	None
00002590	None
00002591	None
00002583	None
00002575	None
00002586	None
00000104	DESKTOP PC  DEC DCS TD3712 EEEEEE TESTED - FAULTY COMPLETE 
00000103	TYPE GENERIC COMPAQ DESKPRO H004D7620007 AS NEW CONDITION TESTED - OK INCOMPLETE
00005453	        







					 Date Shipped 14/06/04
	Regents Park - Reboot PC Logistics Pty Ltd
 TO	None None
	None
	None
	None
	None None
	None
	None None
	Phone None


Tool		Description

00005454	        
00005455	        
00005456	        
00005457	        
00005458	        
00005459	        

		Total 474 Tools
